{
  "uid" : "ac05d4b764a8a1b0",
  "name" : "validate user able to add product and proceed till payments",
  "fullName" : "Filter the product and validate the similar products: validate user able to add product and proceed till payments",
  "historyId" : "d207cb71a52904c646f781d79c32281c",
  "time" : {
    "start" : 1656855986723,
    "stop" : 1656855989765,
    "duration" : 3042
  },
  "status" : "broken",
  "statusMessage" : "session not created: This version of ChromeDriver only supports Chrome version 104\nCurrent browser version is 103.0.5060.66 with binary path C:\\Program Files\\Google\\Chrome\\Application\\chrome.exe\nBuild info: version: '3.14.0', revision: 'aacccce0', time: '2018-08-02T20:19:58.91Z'\nSystem info: host: 'LAPTOP-9R48IK28', ip: '192.168.1.9', os.name: 'Windows 10', os.arch: 'amd64', os.version: '10.0', java.version: '17.0.1'\nDriver info: driver.version: ChromeDriver\nremote stacktrace: Backtrace:\n\tOrdinal0 [0x00E6AF23+2207523]\n\tOrdinal0 [0x00E030E1+1781985]\n\tOrdinal0 [0x00D13FE8+802792]\n\tOrdinal0 [0x00D35AD3+940755]\n\tOrdinal0 [0x00D311EF+922095]\n\tOrdinal0 [0x00D2E9D1+911825]\n\tOrdinal0 [0x00D62200+1122816]\n\tOrdinal0 [0x00D61E5A+1121882]\n\tOrdinal0 [0x00D5D406+1102854]\n\tOrdinal0 [0x00D375F0+947696]\n\tOrdinal0 [0x00D384E6+951526]\n\tGetHandleVerifier [0x01112A12+2733954]\n\tGetHandleVerifier [0x01104E28+2677656]\n\tGetHandleVerifier [0x00EF46EA+513114]\n\tGetHandleVerifier [0x00EF3796+509190]\n\tOrdinal0 [0x00E09CEB+1809643]\n\tOrdinal0 [0x00E0E448+1827912]\n\tOrdinal0 [0x00E0E535+1828149]\n\tOrdinal0 [0x00E17960+1866080]\n\tBaseThreadInitThunk [0x76696739+25]\n\tRtlGetFullPathName_UEx [0x77988FEF+1215]\n\tRtlGetFullPathName_UEx [0x77988FBD+1165]\n",
  "statusTrace" : "org.openqa.selenium.SessionNotCreatedException: session not created: This version of ChromeDriver only supports Chrome version 104\nCurrent browser version is 103.0.5060.66 with binary path C:\\Program Files\\Google\\Chrome\\Application\\chrome.exe\nBuild info: version: '3.14.0', revision: 'aacccce0', time: '2018-08-02T20:19:58.91Z'\nSystem info: host: 'LAPTOP-9R48IK28', ip: '192.168.1.9', os.name: 'Windows 10', os.arch: 'amd64', os.version: '10.0', java.version: '17.0.1'\nDriver info: driver.version: ChromeDriver\nremote stacktrace: Backtrace:\n\tOrdinal0 [0x00E6AF23+2207523]\n\tOrdinal0 [0x00E030E1+1781985]\n\tOrdinal0 [0x00D13FE8+802792]\n\tOrdinal0 [0x00D35AD3+940755]\n\tOrdinal0 [0x00D311EF+922095]\n\tOrdinal0 [0x00D2E9D1+911825]\n\tOrdinal0 [0x00D62200+1122816]\n\tOrdinal0 [0x00D61E5A+1121882]\n\tOrdinal0 [0x00D5D406+1102854]\n\tOrdinal0 [0x00D375F0+947696]\n\tOrdinal0 [0x00D384E6+951526]\n\tGetHandleVerifier [0x01112A12+2733954]\n\tGetHandleVerifier [0x01104E28+2677656]\n\tGetHandleVerifier [0x00EF46EA+513114]\n\tGetHandleVerifier [0x00EF3796+509190]\n\tOrdinal0 [0x00E09CEB+1809643]\n\tOrdinal0 [0x00E0E448+1827912]\n\tOrdinal0 [0x00E0E535+1828149]\n\tOrdinal0 [0x00E17960+1866080]\n\tBaseThreadInitThunk [0x76696739+25]\n\tRtlGetFullPathName_UEx [0x77988FEF+1215]\n\tRtlGetFullPathName_UEx [0x77988FBD+1165]\n\r\n\tat java.base/jdk.internal.reflect.NativeConstructorAccessorImpl.newInstance0(Native Method)\r\n\tat java.base/jdk.internal.reflect.NativeConstructorAccessorImpl.newInstance(NativeConstructorAccessorImpl.java:77)\r\n\tat java.base/jdk.internal.reflect.DelegatingConstructorAccessorImpl.newInstance(DelegatingConstructorAccessorImpl.java:45)\r\n\tat java.base/java.lang.reflect.Constructor.newInstanceWithCaller(Constructor.java:499)\r\n\tat java.base/java.lang.reflect.Constructor.newInstance(Constructor.java:480)\r\n\tat org.openqa.selenium.remote.W3CHandshakeResponse.lambda$new$0(W3CHandshakeResponse.java:57)\r\n\tat org.openqa.selenium.remote.W3CHandshakeResponse.lambda$getResponseFunction$2(W3CHandshakeResponse.java:104)\r\n\tat org.openqa.selenium.remote.ProtocolHandshake.lambda$createSession$0(ProtocolHandshake.java:122)\r\n\tat java.base/java.util.stream.ReferencePipeline$3$1.accept(ReferencePipeline.java:197)\r\n\tat java.base/java.util.Spliterators$ArraySpliterator.tryAdvance(Spliterators.java:1002)\r\n\tat java.base/java.util.stream.ReferencePipeline.forEachWithCancel(ReferencePipeline.java:129)\r\n\tat java.base/java.util.stream.AbstractPipeline.copyIntoWithCancel(AbstractPipeline.java:527)\r\n\tat java.base/java.util.stream.AbstractPipeline.copyInto(AbstractPipeline.java:513)\r\n\tat java.base/java.util.stream.AbstractPipeline.wrapAndCopyInto(AbstractPipeline.java:499)\r\n\tat java.base/java.util.stream.FindOps$FindOp.evaluateSequential(FindOps.java:150)\r\n\tat java.base/java.util.stream.AbstractPipeline.evaluate(AbstractPipeline.java:234)\r\n\tat java.base/java.util.stream.ReferencePipeline.findFirst(ReferencePipeline.java:647)\r\n\tat org.openqa.selenium.remote.ProtocolHandshake.createSession(ProtocolHandshake.java:125)\r\n\tat org.openqa.selenium.remote.ProtocolHandshake.createSession(ProtocolHandshake.java:73)\r\n\tat org.openqa.selenium.remote.HttpCommandExecutor.execute(HttpCommandExecutor.java:136)\r\n\tat org.openqa.selenium.remote.service.DriverCommandExecutor.execute(DriverCommandExecutor.java:83)\r\n\tat org.openqa.selenium.remote.RemoteWebDriver.execute(RemoteWebDriver.java:548)\r\n\tat org.openqa.selenium.remote.RemoteWebDriver.startSession(RemoteWebDriver.java:212)\r\n\tat org.openqa.selenium.remote.RemoteWebDriver.<init>(RemoteWebDriver.java:130)\r\n\tat org.openqa.selenium.chrome.ChromeDriver.<init>(ChromeDriver.java:181)\r\n\tat org.openqa.selenium.chrome.ChromeDriver.<init>(ChromeDriver.java:168)\r\n\tat org.openqa.selenium.chrome.ChromeDriver.<init>(ChromeDriver.java:123)\r\n\tat commonPageObjects.DriverManager.getDriver(DriverManager.java:39)\r\n\tat commonPageObjects.DriverManager.launchApplication(DriverManager.java:26)\r\n\tat StepDefinitions.LoginAndLogoutSD.user_launches_the_application(LoginAndLogoutSD.java:14)\r\n\tat ✽.user launches the application(file:///D:/testing/GowthamBDD/src/test/resources/Features/test.feature:6)\r\n",
  "flaky" : false,
  "newFailed" : false,
  "newBroken" : false,
  "newPassed" : false,
  "retriesCount" : 0,
  "retriesStatusChange" : false,
  "beforeStages" : [ ],
  "testStage" : {
    "status" : "broken",
    "statusMessage" : "session not created: This version of ChromeDriver only supports Chrome version 104\nCurrent browser version is 103.0.5060.66 with binary path C:\\Program Files\\Google\\Chrome\\Application\\chrome.exe\nBuild info: version: '3.14.0', revision: 'aacccce0', time: '2018-08-02T20:19:58.91Z'\nSystem info: host: 'LAPTOP-9R48IK28', ip: '192.168.1.9', os.name: 'Windows 10', os.arch: 'amd64', os.version: '10.0', java.version: '17.0.1'\nDriver info: driver.version: ChromeDriver\nremote stacktrace: Backtrace:\n\tOrdinal0 [0x00E6AF23+2207523]\n\tOrdinal0 [0x00E030E1+1781985]\n\tOrdinal0 [0x00D13FE8+802792]\n\tOrdinal0 [0x00D35AD3+940755]\n\tOrdinal0 [0x00D311EF+922095]\n\tOrdinal0 [0x00D2E9D1+911825]\n\tOrdinal0 [0x00D62200+1122816]\n\tOrdinal0 [0x00D61E5A+1121882]\n\tOrdinal0 [0x00D5D406+1102854]\n\tOrdinal0 [0x00D375F0+947696]\n\tOrdinal0 [0x00D384E6+951526]\n\tGetHandleVerifier [0x01112A12+2733954]\n\tGetHandleVerifier [0x01104E28+2677656]\n\tGetHandleVerifier [0x00EF46EA+513114]\n\tGetHandleVerifier [0x00EF3796+509190]\n\tOrdinal0 [0x00E09CEB+1809643]\n\tOrdinal0 [0x00E0E448+1827912]\n\tOrdinal0 [0x00E0E535+1828149]\n\tOrdinal0 [0x00E17960+1866080]\n\tBaseThreadInitThunk [0x76696739+25]\n\tRtlGetFullPathName_UEx [0x77988FEF+1215]\n\tRtlGetFullPathName_UEx [0x77988FBD+1165]\n",
    "statusTrace" : "org.openqa.selenium.SessionNotCreatedException: session not created: This version of ChromeDriver only supports Chrome version 104\nCurrent browser version is 103.0.5060.66 with binary path C:\\Program Files\\Google\\Chrome\\Application\\chrome.exe\nBuild info: version: '3.14.0', revision: 'aacccce0', time: '2018-08-02T20:19:58.91Z'\nSystem info: host: 'LAPTOP-9R48IK28', ip: '192.168.1.9', os.name: 'Windows 10', os.arch: 'amd64', os.version: '10.0', java.version: '17.0.1'\nDriver info: driver.version: ChromeDriver\nremote stacktrace: Backtrace:\n\tOrdinal0 [0x00E6AF23+2207523]\n\tOrdinal0 [0x00E030E1+1781985]\n\tOrdinal0 [0x00D13FE8+802792]\n\tOrdinal0 [0x00D35AD3+940755]\n\tOrdinal0 [0x00D311EF+922095]\n\tOrdinal0 [0x00D2E9D1+911825]\n\tOrdinal0 [0x00D62200+1122816]\n\tOrdinal0 [0x00D61E5A+1121882]\n\tOrdinal0 [0x00D5D406+1102854]\n\tOrdinal0 [0x00D375F0+947696]\n\tOrdinal0 [0x00D384E6+951526]\n\tGetHandleVerifier [0x01112A12+2733954]\n\tGetHandleVerifier [0x01104E28+2677656]\n\tGetHandleVerifier [0x00EF46EA+513114]\n\tGetHandleVerifier [0x00EF3796+509190]\n\tOrdinal0 [0x00E09CEB+1809643]\n\tOrdinal0 [0x00E0E448+1827912]\n\tOrdinal0 [0x00E0E535+1828149]\n\tOrdinal0 [0x00E17960+1866080]\n\tBaseThreadInitThunk [0x76696739+25]\n\tRtlGetFullPathName_UEx [0x77988FEF+1215]\n\tRtlGetFullPathName_UEx [0x77988FBD+1165]\n\r\n\tat java.base/jdk.internal.reflect.NativeConstructorAccessorImpl.newInstance0(Native Method)\r\n\tat java.base/jdk.internal.reflect.NativeConstructorAccessorImpl.newInstance(NativeConstructorAccessorImpl.java:77)\r\n\tat java.base/jdk.internal.reflect.DelegatingConstructorAccessorImpl.newInstance(DelegatingConstructorAccessorImpl.java:45)\r\n\tat java.base/java.lang.reflect.Constructor.newInstanceWithCaller(Constructor.java:499)\r\n\tat java.base/java.lang.reflect.Constructor.newInstance(Constructor.java:480)\r\n\tat org.openqa.selenium.remote.W3CHandshakeResponse.lambda$new$0(W3CHandshakeResponse.java:57)\r\n\tat org.openqa.selenium.remote.W3CHandshakeResponse.lambda$getResponseFunction$2(W3CHandshakeResponse.java:104)\r\n\tat org.openqa.selenium.remote.ProtocolHandshake.lambda$createSession$0(ProtocolHandshake.java:122)\r\n\tat java.base/java.util.stream.ReferencePipeline$3$1.accept(ReferencePipeline.java:197)\r\n\tat java.base/java.util.Spliterators$ArraySpliterator.tryAdvance(Spliterators.java:1002)\r\n\tat java.base/java.util.stream.ReferencePipeline.forEachWithCancel(ReferencePipeline.java:129)\r\n\tat java.base/java.util.stream.AbstractPipeline.copyIntoWithCancel(AbstractPipeline.java:527)\r\n\tat java.base/java.util.stream.AbstractPipeline.copyInto(AbstractPipeline.java:513)\r\n\tat java.base/java.util.stream.AbstractPipeline.wrapAndCopyInto(AbstractPipeline.java:499)\r\n\tat java.base/java.util.stream.FindOps$FindOp.evaluateSequential(FindOps.java:150)\r\n\tat java.base/java.util.stream.AbstractPipeline.evaluate(AbstractPipeline.java:234)\r\n\tat java.base/java.util.stream.ReferencePipeline.findFirst(ReferencePipeline.java:647)\r\n\tat org.openqa.selenium.remote.ProtocolHandshake.createSession(ProtocolHandshake.java:125)\r\n\tat org.openqa.selenium.remote.ProtocolHandshake.createSession(ProtocolHandshake.java:73)\r\n\tat org.openqa.selenium.remote.HttpCommandExecutor.execute(HttpCommandExecutor.java:136)\r\n\tat org.openqa.selenium.remote.service.DriverCommandExecutor.execute(DriverCommandExecutor.java:83)\r\n\tat org.openqa.selenium.remote.RemoteWebDriver.execute(RemoteWebDriver.java:548)\r\n\tat org.openqa.selenium.remote.RemoteWebDriver.startSession(RemoteWebDriver.java:212)\r\n\tat org.openqa.selenium.remote.RemoteWebDriver.<init>(RemoteWebDriver.java:130)\r\n\tat org.openqa.selenium.chrome.ChromeDriver.<init>(ChromeDriver.java:181)\r\n\tat org.openqa.selenium.chrome.ChromeDriver.<init>(ChromeDriver.java:168)\r\n\tat org.openqa.selenium.chrome.ChromeDriver.<init>(ChromeDriver.java:123)\r\n\tat commonPageObjects.DriverManager.getDriver(DriverManager.java:39)\r\n\tat commonPageObjects.DriverManager.launchApplication(DriverManager.java:26)\r\n\tat StepDefinitions.LoginAndLogoutSD.user_launches_the_application(LoginAndLogoutSD.java:14)\r\n\tat ✽.user launches the application(file:///D:/testing/GowthamBDD/src/test/resources/Features/test.feature:6)\r\n",
    "steps" : [ {
      "name" : "Given  user launches the application",
      "time" : {
        "start" : 1656855986731,
        "stop" : 1656855989709,
        "duration" : 2978
      },
      "status" : "broken",
      "statusMessage" : "session not created: This version of ChromeDriver only supports Chrome version 104\nCurrent browser version is 103.0.5060.66 with binary path C:\\Program Files\\Google\\Chrome\\Application\\chrome.exe\nBuild info: version: '3.14.0', revision: 'aacccce0', time: '2018-08-02T20:19:58.91Z'\nSystem info: host: 'LAPTOP-9R48IK28', ip: '192.168.1.9', os.name: 'Windows 10', os.arch: 'amd64', os.version: '10.0', java.version: '17.0.1'\nDriver info: driver.version: ChromeDriver\nremote stacktrace: Backtrace:\n\tOrdinal0 [0x00E6AF23+2207523]\n\tOrdinal0 [0x00E030E1+1781985]\n\tOrdinal0 [0x00D13FE8+802792]\n\tOrdinal0 [0x00D35AD3+940755]\n\tOrdinal0 [0x00D311EF+922095]\n\tOrdinal0 [0x00D2E9D1+911825]\n\tOrdinal0 [0x00D62200+1122816]\n\tOrdinal0 [0x00D61E5A+1121882]\n\tOrdinal0 [0x00D5D406+1102854]\n\tOrdinal0 [0x00D375F0+947696]\n\tOrdinal0 [0x00D384E6+951526]\n\tGetHandleVerifier [0x01112A12+2733954]\n\tGetHandleVerifier [0x01104E28+2677656]\n\tGetHandleVerifier [0x00EF46EA+513114]\n\tGetHandleVerifier [0x00EF3796+509190]\n\tOrdinal0 [0x00E09CEB+1809643]\n\tOrdinal0 [0x00E0E448+1827912]\n\tOrdinal0 [0x00E0E535+1828149]\n\tOrdinal0 [0x00E17960+1866080]\n\tBaseThreadInitThunk [0x76696739+25]\n\tRtlGetFullPathName_UEx [0x77988FEF+1215]\n\tRtlGetFullPathName_UEx [0x77988FBD+1165]\n",
      "statusTrace" : "org.openqa.selenium.SessionNotCreatedException: session not created: This version of ChromeDriver only supports Chrome version 104\nCurrent browser version is 103.0.5060.66 with binary path C:\\Program Files\\Google\\Chrome\\Application\\chrome.exe\nBuild info: version: '3.14.0', revision: 'aacccce0', time: '2018-08-02T20:19:58.91Z'\nSystem info: host: 'LAPTOP-9R48IK28', ip: '192.168.1.9', os.name: 'Windows 10', os.arch: 'amd64', os.version: '10.0', java.version: '17.0.1'\nDriver info: driver.version: ChromeDriver\nremote stacktrace: Backtrace:\n\tOrdinal0 [0x00E6AF23+2207523]\n\tOrdinal0 [0x00E030E1+1781985]\n\tOrdinal0 [0x00D13FE8+802792]\n\tOrdinal0 [0x00D35AD3+940755]\n\tOrdinal0 [0x00D311EF+922095]\n\tOrdinal0 [0x00D2E9D1+911825]\n\tOrdinal0 [0x00D62200+1122816]\n\tOrdinal0 [0x00D61E5A+1121882]\n\tOrdinal0 [0x00D5D406+1102854]\n\tOrdinal0 [0x00D375F0+947696]\n\tOrdinal0 [0x00D384E6+951526]\n\tGetHandleVerifier [0x01112A12+2733954]\n\tGetHandleVerifier [0x01104E28+2677656]\n\tGetHandleVerifier [0x00EF46EA+513114]\n\tGetHandleVerifier [0x00EF3796+509190]\n\tOrdinal0 [0x00E09CEB+1809643]\n\tOrdinal0 [0x00E0E448+1827912]\n\tOrdinal0 [0x00E0E535+1828149]\n\tOrdinal0 [0x00E17960+1866080]\n\tBaseThreadInitThunk [0x76696739+25]\n\tRtlGetFullPathName_UEx [0x77988FEF+1215]\n\tRtlGetFullPathName_UEx [0x77988FBD+1165]\n\r\n\tat java.base/jdk.internal.reflect.NativeConstructorAccessorImpl.newInstance0(Native Method)\r\n\tat java.base/jdk.internal.reflect.NativeConstructorAccessorImpl.newInstance(NativeConstructorAccessorImpl.java:77)\r\n\tat java.base/jdk.internal.reflect.DelegatingConstructorAccessorImpl.newInstance(DelegatingConstructorAccessorImpl.java:45)\r\n\tat java.base/java.lang.reflect.Constructor.newInstanceWithCaller(Constructor.java:499)\r\n\tat java.base/java.lang.reflect.Constructor.newInstance(Constructor.java:480)\r\n\tat org.openqa.selenium.remote.W3CHandshakeResponse.lambda$new$0(W3CHandshakeResponse.java:57)\r\n\tat org.openqa.selenium.remote.W3CHandshakeResponse.lambda$getResponseFunction$2(W3CHandshakeResponse.java:104)\r\n\tat org.openqa.selenium.remote.ProtocolHandshake.lambda$createSession$0(ProtocolHandshake.java:122)\r\n\tat java.base/java.util.stream.ReferencePipeline$3$1.accept(ReferencePipeline.java:197)\r\n\tat java.base/java.util.Spliterators$ArraySpliterator.tryAdvance(Spliterators.java:1002)\r\n\tat java.base/java.util.stream.ReferencePipeline.forEachWithCancel(ReferencePipeline.java:129)\r\n\tat java.base/java.util.stream.AbstractPipeline.copyIntoWithCancel(AbstractPipeline.java:527)\r\n\tat java.base/java.util.stream.AbstractPipeline.copyInto(AbstractPipeline.java:513)\r\n\tat java.base/java.util.stream.AbstractPipeline.wrapAndCopyInto(AbstractPipeline.java:499)\r\n\tat java.base/java.util.stream.FindOps$FindOp.evaluateSequential(FindOps.java:150)\r\n\tat java.base/java.util.stream.AbstractPipeline.evaluate(AbstractPipeline.java:234)\r\n\tat java.base/java.util.stream.ReferencePipeline.findFirst(ReferencePipeline.java:647)\r\n\tat org.openqa.selenium.remote.ProtocolHandshake.createSession(ProtocolHandshake.java:125)\r\n\tat org.openqa.selenium.remote.ProtocolHandshake.createSession(ProtocolHandshake.java:73)\r\n\tat org.openqa.selenium.remote.HttpCommandExecutor.execute(HttpCommandExecutor.java:136)\r\n\tat org.openqa.selenium.remote.service.DriverCommandExecutor.execute(DriverCommandExecutor.java:83)\r\n\tat org.openqa.selenium.remote.RemoteWebDriver.execute(RemoteWebDriver.java:548)\r\n\tat org.openqa.selenium.remote.RemoteWebDriver.startSession(RemoteWebDriver.java:212)\r\n\tat org.openqa.selenium.remote.RemoteWebDriver.<init>(RemoteWebDriver.java:130)\r\n\tat org.openqa.selenium.chrome.ChromeDriver.<init>(ChromeDriver.java:181)\r\n\tat org.openqa.selenium.chrome.ChromeDriver.<init>(ChromeDriver.java:168)\r\n\tat org.openqa.selenium.chrome.ChromeDriver.<init>(ChromeDriver.java:123)\r\n\tat commonPageObjects.DriverManager.getDriver(DriverManager.java:39)\r\n\tat commonPageObjects.DriverManager.launchApplication(DriverManager.java:26)\r\n\tat StepDefinitions.LoginAndLogoutSD.user_launches_the_application(LoginAndLogoutSD.java:14)\r\n\tat ✽.user launches the application(file:///D:/testing/GowthamBDD/src/test/resources/Features/test.feature:6)\r\n",
      "steps" : [ ],
      "attachments" : [ ],
      "parameters" : [ ],
      "hasContent" : true,
      "stepsCount" : 0,
      "shouldDisplayMessage" : true,
      "attachmentsCount" : 0
    }, {
      "name" : "When  the user clicks on Sign in button",
      "time" : {
        "start" : 1656855989719,
        "stop" : 1656855989721,
        "duration" : 2
      },
      "status" : "skipped",
      "steps" : [ ],
      "attachments" : [ ],
      "parameters" : [ ],
      "hasContent" : false,
      "stepsCount" : 0,
      "shouldDisplayMessage" : false,
      "attachmentsCount" : 0
    }, {
      "name" : "And  user should navigate to \"Authentication\" screen",
      "time" : {
        "start" : 1656855989722,
        "stop" : 1656855989724,
        "duration" : 2
      },
      "status" : "skipped",
      "steps" : [ ],
      "attachments" : [ ],
      "parameters" : [ ],
      "hasContent" : false,
      "stepsCount" : 0,
      "shouldDisplayMessage" : false,
      "attachmentsCount" : 0
    }, {
      "name" : "Then  the user enter the \"b.w16@gmail.com\" to \"create an account\"",
      "time" : {
        "start" : 1656855989724,
        "stop" : 1656855989725,
        "duration" : 1
      },
      "status" : "skipped",
      "steps" : [ ],
      "attachments" : [ ],
      "parameters" : [ ],
      "hasContent" : false,
      "stepsCount" : 0,
      "shouldDisplayMessage" : false,
      "attachmentsCount" : 0
    }, {
      "name" : "And  the user gives the mandatory fields and clicks on register",
      "time" : {
        "start" : 1656855989730,
        "stop" : 1656855989731,
        "duration" : 1
      },
      "status" : "skipped",
      "steps" : [ ],
      "attachments" : [ ],
      "parameters" : [ ],
      "hasContent" : false,
      "stepsCount" : 0,
      "shouldDisplayMessage" : false,
      "attachmentsCount" : 0
    }, {
      "name" : "And  the user verifies if the name is displayed correctly",
      "time" : {
        "start" : 1656855989732,
        "stop" : 1656855989733,
        "duration" : 1
      },
      "status" : "skipped",
      "steps" : [ ],
      "attachments" : [ ],
      "parameters" : [ ],
      "hasContent" : false,
      "stepsCount" : 0,
      "shouldDisplayMessage" : false,
      "attachmentsCount" : 0
    }, {
      "name" : "Then  the user clicks on logout button",
      "time" : {
        "start" : 1656855989734,
        "stop" : 1656855989735,
        "duration" : 1
      },
      "status" : "skipped",
      "steps" : [ ],
      "attachments" : [ ],
      "parameters" : [ ],
      "hasContent" : false,
      "stepsCount" : 0,
      "shouldDisplayMessage" : false,
      "attachmentsCount" : 0
    }, {
      "name" : "And  the user gives the \"b.w16@gmail.com\" and \"feabcd\" and clicks on sign in",
      "time" : {
        "start" : 1656855989737,
        "stop" : 1656855989738,
        "duration" : 1
      },
      "status" : "skipped",
      "steps" : [ ],
      "attachments" : [ ],
      "parameters" : [ ],
      "hasContent" : false,
      "stepsCount" : 0,
      "shouldDisplayMessage" : false,
      "attachmentsCount" : 0
    }, {
      "name" : "And  the user adds a product to the cart",
      "time" : {
        "start" : 1656855989739,
        "stop" : 1656855989739,
        "duration" : 0
      },
      "status" : "skipped",
      "steps" : [ ],
      "attachments" : [ ],
      "parameters" : [ ],
      "hasContent" : false,
      "stepsCount" : 0,
      "shouldDisplayMessage" : false,
      "attachmentsCount" : 0
    }, {
      "name" : "Then  the user lands in checkout page",
      "time" : {
        "start" : 1656855989740,
        "stop" : 1656855989741,
        "duration" : 1
      },
      "status" : "skipped",
      "steps" : [ ],
      "attachments" : [ ],
      "parameters" : [ ],
      "hasContent" : false,
      "stepsCount" : 0,
      "shouldDisplayMessage" : false,
      "attachmentsCount" : 0
    }, {
      "name" : "And  the user verifies \"Printed Summer Dress\" product name is displayed in Checkout screen",
      "time" : {
        "start" : 1656855989741,
        "stop" : 1656855989742,
        "duration" : 1
      },
      "status" : "skipped",
      "steps" : [ ],
      "attachments" : [ ],
      "parameters" : [ ],
      "hasContent" : false,
      "stepsCount" : 0,
      "shouldDisplayMessage" : false,
      "attachmentsCount" : 0
    }, {
      "name" : "Then  the user clicks on Proceed to Checkout to land in Address Page",
      "time" : {
        "start" : 1656855989743,
        "stop" : 1656855989743,
        "duration" : 0
      },
      "status" : "skipped",
      "steps" : [ ],
      "attachments" : [ ],
      "parameters" : [ ],
      "hasContent" : false,
      "stepsCount" : 0,
      "shouldDisplayMessage" : false,
      "attachmentsCount" : 0
    }, {
      "name" : "Then  the user clicks on Proceed to Checkout to land in Shipping Page",
      "time" : {
        "start" : 1656855989744,
        "stop" : 1656855989745,
        "duration" : 1
      },
      "status" : "skipped",
      "steps" : [ ],
      "attachments" : [ ],
      "parameters" : [ ],
      "hasContent" : false,
      "stepsCount" : 0,
      "shouldDisplayMessage" : false,
      "attachmentsCount" : 0
    }, {
      "name" : "Then  the user clicks on Proceed to Checkout to land in Payment Page",
      "time" : {
        "start" : 1656855989745,
        "stop" : 1656855989746,
        "duration" : 1
      },
      "status" : "skipped",
      "steps" : [ ],
      "attachments" : [ ],
      "parameters" : [ ],
      "hasContent" : false,
      "stepsCount" : 0,
      "shouldDisplayMessage" : false,
      "attachmentsCount" : 0
    } ],
    "attachments" : [ ],
    "parameters" : [ ],
    "hasContent" : true,
    "stepsCount" : 14,
    "shouldDisplayMessage" : false,
    "attachmentsCount" : 0
  },
  "afterStages" : [ ],
  "labels" : [ {
    "name" : "tag",
    "value" : "AutomationPractice"
  }, {
    "name" : "tag",
    "value" : "AddProduct"
  }, {
    "name" : "host",
    "value" : "LAPTOP-9R48IK28"
  }, {
    "name" : "thread",
    "value" : "13392@LAPTOP-9R48IK28.main(1)"
  }, {
    "name" : "feature",
    "value" : "Filter the product and validate the similar products"
  }, {
    "name" : "story",
    "value" : "validate user able to add product and proceed till payments"
  }, {
    "name" : "suite",
    "value" : "Filter the product and validate the similar products"
  }, {
    "name" : "testClass",
    "value" : "validate user able to add product and proceed till payments"
  }, {
    "name" : "framework",
    "value" : "cucumber4jvm"
  }, {
    "name" : "language",
    "value" : "java"
  }, {
    "name" : "gherkin_uri",
    "value" : "file:///D:/testing/GowthamBDD/src/test/resources/Features/test.feature"
  }, {
    "name" : "package",
    "value" : "src.test.resources.Features.test_feature.Filter the product and validate the similar products"
  }, {
    "name" : "resultFormat",
    "value" : "allure2"
  } ],
  "parameters" : [ {
    "name" : "EmailID",
    "value" : "b.w16@gmail.com"
  }, {
    "name" : "Password",
    "value" : "feabcd"
  } ],
  "links" : [ ],
  "hidden" : true,
  "retry" : true,
  "extra" : {
    "categories" : [ ],
    "tags" : [ "AddProduct", "AutomationPractice" ]
  },
  "source" : "ac05d4b764a8a1b0.json",
  "parameterValues" : [ "b.w16@gmail.com", "feabcd" ]
}